<?xml version="1.0" encoding="UTF-8"?>
<testsuite xmlns:xsi="http://www.w3.org/2001/XMLSchema-instance" xsi:noNamespaceSchemaLocation="https://maven.apache.org/surefire/maven-surefire-plugin/xsd/surefire-test-report.xsd" name="MyTest" time="0.577" tests="1" errors="1" skipped="0" failures="0">
  <properties>
    <property name="sun.desktop" value="windows"/>
    <property name="awt.toolkit" value="sun.awt.windows.WToolkit"/>
    <property name="java.specification.version" value="11"/>
    <property name="sun.cpu.isalist" value="amd64"/>
    <property name="sun.jnu.encoding" value="Cp1252"/>
    <property name="java.class.path" value="C:\Users\andre\OneDrive\Desktop\Project\Board-game-javafx\Fall2021Project2_connect4\target\test-classes;C:\Users\andre\OneDrive\Desktop\Project\Board-game-javafx\Fall2021Project2_connect4\target\classes;C:\Users\andre\.m2\repository\org\junit\jupiter\junit-jupiter\5.6.2\junit-jupiter-5.6.2.jar;C:\Users\andre\.m2\repository\org\junit\jupiter\junit-jupiter-api\5.6.2\junit-jupiter-api-5.6.2.jar;C:\Users\andre\.m2\repository\org\apiguardian\apiguardian-api\1.1.0\apiguardian-api-1.1.0.jar;C:\Users\andre\.m2\repository\org\opentest4j\opentest4j\1.2.0\opentest4j-1.2.0.jar;C:\Users\andre\.m2\repository\org\junit\platform\junit-platform-commons\1.6.2\junit-platform-commons-1.6.2.jar;C:\Users\andre\.m2\repository\org\junit\jupiter\junit-jupiter-params\5.6.2\junit-jupiter-params-5.6.2.jar;C:\Users\andre\.m2\repository\org\junit\jupiter\junit-jupiter-engine\5.6.2\junit-jupiter-engine-5.6.2.jar;C:\Users\andre\.m2\repository\org\junit\platform\junit-platform-engine\1.6.2\junit-platform-engine-1.6.2.jar;C:\Users\andre\.m2\repository\org\openjfx\javafx-controls\12.0.1\javafx-controls-12.0.1.jar;C:\Users\andre\.m2\repository\org\openjfx\javafx-controls\12.0.1\javafx-controls-12.0.1-win.jar;C:\Users\andre\.m2\repository\org\openjfx\javafx-graphics\12.0.1\javafx-graphics-12.0.1.jar;C:\Users\andre\.m2\repository\org\openjfx\javafx-graphics\12.0.1\javafx-graphics-12.0.1-win.jar;C:\Users\andre\.m2\repository\org\openjfx\javafx-base\12.0.1\javafx-base-12.0.1.jar;C:\Users\andre\.m2\repository\org\openjfx\javafx-base\12.0.1\javafx-base-12.0.1-win.jar;C:\Users\andre\.m2\repository\org\openjfx\javafx-fxml\12\javafx-fxml-12.jar;C:\Users\andre\.m2\repository\org\openjfx\javafx-fxml\12\javafx-fxml-12-win.jar;"/>
    <property name="java.vm.vendor" value="Oracle Corporation"/>
    <property name="sun.arch.data.model" value="64"/>
    <property name="user.variant" value=""/>
    <property name="java.vendor.url" value="https://openjdk.java.net/"/>
    <property name="user.timezone" value="America/Chicago"/>
    <property name="java.vm.specification.version" value="11"/>
    <property name="os.name" value="Windows 10"/>
    <property name="sun.java.launcher" value="SUN_STANDARD"/>
    <property name="user.country" value="US"/>
    <property name="sun.boot.library.path" value="C:\Program Files\Java\jdk-11.0.12\bin"/>
    <property name="sun.java.command" value="C:\Users\andre\AppData\Local\Temp\surefire8390835667672218486\surefirebooter11955344603475330620.jar C:\Users\andre\AppData\Local\Temp\surefire8390835667672218486 2021-10-24T20-40-18_504-jvmRun1 surefire3637670678010373400tmp surefire_017949194734885921481tmp"/>
    <property name="jdk.debug" value="release"/>
    <property name="surefire.test.class.path" value="C:\Users\andre\OneDrive\Desktop\Project\Board-game-javafx\Fall2021Project2_connect4\target\test-classes;C:\Users\andre\OneDrive\Desktop\Project\Board-game-javafx\Fall2021Project2_connect4\target\classes;C:\Users\andre\.m2\repository\org\junit\jupiter\junit-jupiter\5.6.2\junit-jupiter-5.6.2.jar;C:\Users\andre\.m2\repository\org\junit\jupiter\junit-jupiter-api\5.6.2\junit-jupiter-api-5.6.2.jar;C:\Users\andre\.m2\repository\org\apiguardian\apiguardian-api\1.1.0\apiguardian-api-1.1.0.jar;C:\Users\andre\.m2\repository\org\opentest4j\opentest4j\1.2.0\opentest4j-1.2.0.jar;C:\Users\andre\.m2\repository\org\junit\platform\junit-platform-commons\1.6.2\junit-platform-commons-1.6.2.jar;C:\Users\andre\.m2\repository\org\junit\jupiter\junit-jupiter-params\5.6.2\junit-jupiter-params-5.6.2.jar;C:\Users\andre\.m2\repository\org\junit\jupiter\junit-jupiter-engine\5.6.2\junit-jupiter-engine-5.6.2.jar;C:\Users\andre\.m2\repository\org\junit\platform\junit-platform-engine\1.6.2\junit-platform-engine-1.6.2.jar;C:\Users\andre\.m2\repository\org\openjfx\javafx-controls\12.0.1\javafx-controls-12.0.1.jar;C:\Users\andre\.m2\repository\org\openjfx\javafx-controls\12.0.1\javafx-controls-12.0.1-win.jar;C:\Users\andre\.m2\repository\org\openjfx\javafx-graphics\12.0.1\javafx-graphics-12.0.1.jar;C:\Users\andre\.m2\repository\org\openjfx\javafx-graphics\12.0.1\javafx-graphics-12.0.1-win.jar;C:\Users\andre\.m2\repository\org\openjfx\javafx-base\12.0.1\javafx-base-12.0.1.jar;C:\Users\andre\.m2\repository\org\openjfx\javafx-base\12.0.1\javafx-base-12.0.1-win.jar;C:\Users\andre\.m2\repository\org\openjfx\javafx-fxml\12\javafx-fxml-12.jar;C:\Users\andre\.m2\repository\org\openjfx\javafx-fxml\12\javafx-fxml-12-win.jar;"/>
    <property name="sun.cpu.endian" value="little"/>
    <property name="user.home" value="C:\Users\andre"/>
    <property name="user.language" value="en"/>
    <property name="java.specification.vendor" value="Oracle Corporation"/>
    <property name="java.version.date" value="2021-07-20"/>
    <property name="java.home" value="C:\Program Files\Java\jdk-11.0.12"/>
    <property name="file.separator" value="\"/>
    <property name="basedir" value="C:\Users\andre\OneDrive\Desktop\Project\Board-game-javafx\Fall2021Project2_connect4"/>
    <property name="java.vm.compressedOopsMode" value="Zero based"/>
    <property name="line.separator" value="&#10;"/>
    <property name="java.specification.name" value="Java Platform API Specification"/>
    <property name="java.vm.specification.vendor" value="Oracle Corporation"/>
    <property name="java.awt.graphicsenv" value="sun.awt.Win32GraphicsEnvironment"/>
    <property name="surefire.real.class.path" value="C:\Users\andre\AppData\Local\Temp\surefire8390835667672218486\surefirebooter11955344603475330620.jar"/>
    <property name="user.script" value=""/>
    <property name="sun.management.compiler" value="HotSpot 64-Bit Tiered Compilers"/>
    <property name="java.runtime.version" value="11.0.12+8-LTS-237"/>
    <property name="user.name" value="andre"/>
    <property name="path.separator" value=";"/>
    <property name="os.version" value="10.0"/>
    <property name="java.runtime.name" value="Java(TM) SE Runtime Environment"/>
    <property name="file.encoding" value="Cp1252"/>
    <property name="java.vm.name" value="Java HotSpot(TM) 64-Bit Server VM"/>
    <property name="java.vendor.version" value="18.9"/>
    <property name="localRepository" value="C:\Users\andre\.m2\repository"/>
    <property name="java.vendor.url.bug" value="https://bugreport.java.com/bugreport/"/>
    <property name="java.io.tmpdir" value="C:\Users\andre\AppData\Local\Temp\"/>
    <property name="java.version" value="11.0.12"/>
    <property name="user.dir" value="C:\Users\andre\OneDrive\Desktop\Project\Board-game-javafx\Fall2021Project2_connect4"/>
    <property name="os.arch" value="amd64"/>
    <property name="java.vm.specification.name" value="Java Virtual Machine Specification"/>
    <property name="java.awt.printerjob" value="sun.awt.windows.WPrinterJob"/>
    <property name="sun.os.patch.level" value=""/>
    <property name="java.library.path" value="C:\Program Files\Java\jdk-11.0.12\bin;C:\Windows\Sun\Java\bin;C:\Windows\system32;C:\Windows;C:\Program Files\Common Files\Oracle\Java\javapath;C:\Program Files (x86)\Common Files\Oracle\Java\javapath;C:\Windows\system32;C:\Windows;C:\Windows\System32\Wbem;C:\Windows\System32\WindowsPowerShell\v1.0\;C:\Windows\System32\OpenSSH\;C:\Program Files (x86)\PuTTY\;C:\TDM-GCC-64\bin;C:\Program Files\Java\jdk-11.0.12\bin;C:\Program Files\Apache Software Foundation\apache-maven\bin;C:\Program Files\Git\cmd;C:\Users\andre\AppData\Local\Microsoft\WindowsApps;C:\Users\andre\AppData\Local\Programs\Microsoft VS Code\bin;C:\ProgramData\andre\GitHubDesktop\bin;C:\Users\andre\AppData\Local\GitHubDesktop\bin;."/>
    <property name="java.vendor" value="Oracle Corporation"/>
    <property name="java.vm.info" value="mixed mode"/>
    <property name="java.vm.version" value="11.0.12+8-LTS-237"/>
    <property name="sun.io.unicode.encoding" value="UnicodeLittle"/>
    <property name="java.class.version" value="55.0"/>
  </properties>
  <testcase name="checkerPiece1" classname="MyTest" time="0.565">
    <error type="java.lang.ExceptionInInitializerError">java.lang.ExceptionInInitializerError
	at MyTest.setup(MyTest.java:20)
Caused by: java.lang.IllegalStateException: Toolkit not initialized
	at MyTest.setup(MyTest.java:20)
</error>
  </testcase>
</testsuite>